{
  "0 debug pnpm:scope": {
    "selected": 1
  },
  "1 debug pnpm": {
    "isCaseSensitive": false,
    "store": "/Users/mraible/.pnpm-store/2"
  },
  "2 info pnpm": {
    "message": "Using hooks from: /Users/mraible/okta-vaadin-fusion-spring-boot-example/pnpmfile.js",
    "prefix": "/Users/mraible/okta-vaadin-fusion-spring-boot-example"
  },
  "3 info pnpm": {
    "message": "readPackage hook is declared. Manifests of dependencies might get overridden",
    "prefix": "/Users/mraible/okta-vaadin-fusion-spring-boot-example"
  },
  "4 error pnpm": {
    "message": {
      "code": "ERR_PNPM_UNEXPECTED_VIRTUAL_STORE",
      "expected": "/Users/mraible/Downloads/my-project/node_modules/.pnpm",
      "actual": "/Users/mraible/okta-vaadin-fusion-spring-boot-example/node_modules/.pnpm",
      "modulesDir": "/Users/mraible/okta-vaadin-fusion-spring-boot-example/node_modules"
    },
    "err": {
      "name": "Error",
      "message": "Unexpected virtual store location",
      "code": "ERR_PNPM_UNEXPECTED_VIRTUAL_STORE",
      "stack": "Error: Unexpected virtual store location\n    at Object.checkCompatibility [as default] (/Users/mraible/.vaadin/node_modules/pnpm/lib/node_modules/supi/lib/getContext/checkCompatibility/index.js:21:15)\n    at /Users/mraible/.vaadin/node_modules/pnpm/lib/node_modules/supi/lib/getContext/index.js:137:41\n    at Array.map (<anonymous>)\n    at validateNodeModules (/Users/mraible/.vaadin/node_modules/pnpm/lib/node_modules/supi/lib/getContext/index.js:135:33)\n    at Object.getContext [as default] (/Users/mraible/.vaadin/node_modules/pnpm/lib/node_modules/supi/lib/getContext/index.js:20:15)\n    at processTicksAndRejections (internal/process/task_queues.js:93:5)\n    at async mutateModules (/Users/mraible/.vaadin/node_modules/pnpm/lib/node_modules/supi/lib/install/index.js:63:17)\n    at async Object.install (/Users/mraible/.vaadin/node_modules/pnpm/lib/node_modules/supi/lib/install/index.js:42:23)\n    at async Object.handler (/Users/mraible/.vaadin/node_modules/pnpm/lib/node_modules/@pnpm/plugin-commands-installation/lib/install.js:312:33)"
    }
  }
}